Arguments: 
  C:\Program Files\nodejs\node.exe C:\Users\nana nuaso\AppData\Roaming\npm\node_modules\yarn\bin\yarn.js add react-script-tag

PATH: 
  C:\Python311\Scripts\;C:\Python311\;C:\windows\system32;C:\windows;C:\windows\System32\Wbem;C:\windows\System32\WindowsPowerShell\v1.0\;C:\windows\System32\OpenSSH\;C:\Program Files\Git\cmd;C:\Program Files\nodejs\;C:\ProgramData\chocolatey\bin;C:\Program Files\MongoDB\Server\6.0\bin;C:\Users\nana nuaso\AppData\Local\Microsoft\WindowsApps;;C:\Users\nana nuaso\AppData\Local\Programs\Microsoft VS Code\bin;C:\Users\nana nuaso\AppData\Roaming\npm

Yarn version: 
  1.22.19

Node version: 
  18.14.1

Platform: 
  win32 x64

Trace: 
  Error: EPERM: operation not permitted, unlink 'C:\Users\nana nuaso\Desktop\cryptotry\my-project\node_modules\@esbuild\win32-x64\esbuild.exe'

npm manifest: 
  {
    "name": "my-project",
    "private": true,
    "version": "0.0.0",
    "type": "module",
    "scripts": {
      "dev": "vite",
      "build": "vite build",
      "preview": "vite preview"
    },
    "dependencies": {
      "react": "^18.2.0",
      "react-dom": "^18.2.0",
      "react-helmet-async": "^1.3.0"
    },
    "devDependencies": {
      "@types/react": "^18.0.28",
      "@types/react-dom": "^18.0.11",
      "@vitejs/plugin-react": "^3.1.0",
      "autoprefixer": "^10.4.14",
      "postcss": "^8.4.21",
      "tailwindcss": "^3.3.0",
      "vite": "^4.2.0"
    }
  }

yarn manifest: 
  No manifest

Lockfile: 
  No lockfile
